<?xml version="1.0" encoding="UTF-8"?>
<!-- Generated by org.testng.reporters.JUnitReportReporter -->
<testsuite hostname="DESKTOP-JBDBHD6" failures="0" tests="1" name="testNG_Check.ExecutionClass" time="0.012" errors="0" timestamp="2022-02-07T19:52:43 IST" skipped="0">
  <testcase classname="testNG_Check.ExecutionClass" name="test1" time="0.012"/>
  <system-out/>
</testsuite> <!-- testNG_Check.ExecutionClass -->
